<?xml version="1.0" encoding="UTF-8"?>
<testng-results ignored="0" total="1" passed="1" failed="0" skipped="0">
  <reporter-output>
    <line>
      <![CDATA[Logged In succesfully]]>
    </line>
    <line>
      <![CDATA[Logged In succesfully]]>
    </line>
    <line>
      <![CDATA[orgfull failed execution]]>
    </line>
    <line>
      <![CDATA[orgfull failed execution]]>
    </line>
    <line>
      <![CDATA[testContactWithOrg started execution]]>
    </line>
    <line>
      <![CDATA[testContactWithOrg ended execution]]>
    </line>
  </reporter-output>
  <suite started-at="2024-10-28T18:27:59 IST" name="Suite" finished-at="2024-10-29T09:31:51 IST" duration-ms="54231866">
    <groups>
    </groups>
    <test started-at="2024-10-28T18:27:59 IST" name="Test1" finished-at="2024-10-29T09:31:51 IST" duration-ms="54231866">
      <class name="testing.Contact_WIth_Org">
        <test-method is-config="true" signature="openBrowser()[pri:0, instance:testing.Contact_WIth_Org@4afcd809]" started-at="2024-10-28T18:27:59 IST" name="openBrowser" finished-at="2024-10-28T18:28:05 IST" duration-ms="6267" status="PASS">
          <reporter-output>
          </reporter-output>
        </test-method> <!-- openBrowser -->
        <test-method is-config="true" signature="login()[pri:0, instance:testing.Contact_WIth_Org@4afcd809]" started-at="2024-10-28T18:28:05 IST" name="login" finished-at="2024-10-28T18:28:12 IST" duration-ms="6365" status="PASS">
          <reporter-output>
            <line>
              <![CDATA[Logged In succesfully]]>
            </line>
          </reporter-output>
        </test-method> <!-- login -->
        <test-method signature="testContactWithOrg()[pri:0, instance:testing.Contact_WIth_Org@4afcd809]" started-at="2024-10-28T18:28:12 IST" name="testContactWithOrg" finished-at="2024-10-28T18:28:48 IST" duration-ms="36617" status="PASS">
          <reporter-output>
            <line>
              <![CDATA[testContactWithOrg started execution]]>
            </line>
            <line>
              <![CDATA[testContactWithOrg ended execution]]>
            </line>
          </reporter-output>
        </test-method> <!-- testContactWithOrg -->
        <test-method is-config="true" signature="logout()[pri:0, instance:testing.Contact_WIth_Org@4afcd809]" started-at="2024-10-28T18:28:48 IST" name="logout" finished-at="2024-10-29T09:31:51 IST" duration-ms="54182536" status="FAIL">
          <exception class="org.openqa.selenium.WebDriverException">
            <message>
              <![CDATA[disconnected: not connected to DevTools
  (failed to check if window was closed: disconnected: not connected to DevTools)
  (Session info: MicrosoftEdge=130.0.2849.46)
Build info: version: '4.25.0', revision: '8a8aea2337'
System info: os.name: 'Windows 10', os.arch: 'amd64', os.version: '10.0', java.version: '23'
Driver info: org.openqa.selenium.edge.EdgeDriver
Command: [685f65184c66c8988c04b03dc13fc34d, findElement {using=css selector, value=img[src="themes/softed/images/user.PNG"]}]
Capabilities {acceptInsecureCerts: false, browserName: MicrosoftEdge, browserVersion: 130.0.2849.46, fedcm:accounts: true, ms:edgeOptions: {debuggerAddress: localhost:65302}, msedge: {msedgedriverVersion: 130.0.2849.56 (85245383cd01..., userDataDir: C:\Users\User\AppData\Local...}, networkConnectionEnabled: false, pageLoadStrategy: normal, platformName: windows, proxy: Proxy(), se:cdp: ws://localhost:65302/devtoo..., se:cdpVersion: 130.0.2849.46, setWindowRect: true, strictFileInteractability: false, timeouts: {implicit: 0, pageLoad: 300000, script: 30000}, unhandledPromptBehavior: dismiss and notify, webauthn:extension:credBlob: true, webauthn:extension:largeBlob: true, webauthn:extension:minPinLength: true, webauthn:extension:prf: true, webauthn:virtualAuthenticators: true}
Session ID: 685f65184c66c8988c04b03dc13fc34d]]>
            </message>
            <full-stacktrace>
              <![CDATA[org.openqa.selenium.WebDriverException: disconnected: not connected to DevTools
  (failed to check if window was closed: disconnected: not connected to DevTools)
  (Session info: MicrosoftEdge=130.0.2849.46)
Build info: version: '4.25.0', revision: '8a8aea2337'
System info: os.name: 'Windows 10', os.arch: 'amd64', os.version: '10.0', java.version: '23'
Driver info: org.openqa.selenium.edge.EdgeDriver
Command: [685f65184c66c8988c04b03dc13fc34d, findElement {using=css selector, value=img[src="themes/softed/images/user.PNG"]}]
Capabilities {acceptInsecureCerts: false, browserName: MicrosoftEdge, browserVersion: 130.0.2849.46, fedcm:accounts: true, ms:edgeOptions: {debuggerAddress: localhost:65302}, msedge: {msedgedriverVersion: 130.0.2849.56 (85245383cd01..., userDataDir: C:\Users\User\AppData\Local...}, networkConnectionEnabled: false, pageLoadStrategy: normal, platformName: windows, proxy: Proxy(), se:cdp: ws://localhost:65302/devtoo..., se:cdpVersion: 130.0.2849.46, setWindowRect: true, strictFileInteractability: false, timeouts: {implicit: 0, pageLoad: 300000, script: 30000}, unhandledPromptBehavior: dismiss and notify, webauthn:extension:credBlob: true, webauthn:extension:largeBlob: true, webauthn:extension:minPinLength: true, webauthn:extension:prf: true, webauthn:virtualAuthenticators: true}
Session ID: 685f65184c66c8988c04b03dc13fc34d
at java.base/jdk.internal.reflect.DirectConstructorHandleAccessor.newInstance(DirectConstructorHandleAccessor.java:62)
at java.base/java.lang.reflect.Constructor.newInstanceWithCaller(Constructor.java:501)
at java.base/java.lang.reflect.Constructor.newInstance(Constructor.java:485)
at org.openqa.selenium.remote.ErrorCodec.decode(ErrorCodec.java:167)
at org.openqa.selenium.remote.codec.w3c.W3CHttpResponseCodec.decode(W3CHttpResponseCodec.java:138)
at org.openqa.selenium.remote.codec.w3c.W3CHttpResponseCodec.decode(W3CHttpResponseCodec.java:50)
at org.openqa.selenium.remote.HttpCommandExecutor.execute(HttpCommandExecutor.java:190)
at org.openqa.selenium.remote.service.DriverCommandExecutor.invokeExecute(DriverCommandExecutor.java:216)
at org.openqa.selenium.remote.service.DriverCommandExecutor.execute(DriverCommandExecutor.java:174)
at org.openqa.selenium.remote.RemoteWebDriver.execute(RemoteWebDriver.java:545)
at org.openqa.selenium.remote.ElementLocation$ElementFinder$2.findElement(ElementLocation.java:165)
at org.openqa.selenium.remote.ElementLocation.findElement(ElementLocation.java:59)
at org.openqa.selenium.remote.RemoteWebDriver.findElement(RemoteWebDriver.java:368)
at org.openqa.selenium.remote.RemoteWebDriver.findElement(RemoteWebDriver.java:362)
at org.openqa.selenium.support.pagefactory.DefaultElementLocator.findElement(DefaultElementLocator.java:68)
at org.openqa.selenium.support.pagefactory.internal.LocatingElementHandler.invoke(LocatingElementHandler.java:38)
at jdk.proxy2/jdk.proxy2.$Proxy19.isDisplayed(Unknown Source)
at org.openqa.selenium.support.ui.ExpectedConditions.elementIfVisible(ExpectedConditions.java:304)
at org.openqa.selenium.support.ui.ExpectedConditions$10.apply(ExpectedConditions.java:290)
at org.openqa.selenium.support.ui.ExpectedConditions$10.apply(ExpectedConditions.java:287)
at org.openqa.selenium.support.ui.ExpectedConditions$23.apply(ExpectedConditions.java:656)
at org.openqa.selenium.support.ui.ExpectedConditions$23.apply(ExpectedConditions.java:652)
at org.openqa.selenium.support.ui.FluentWait.until(FluentWait.java:203)
at com.comcast.web_driver_utility.WebDriverUtility.waitForElement(WebDriverUtility.java:23)
at com.comcast.crm.baseclass.BaseClass.logout(BaseClass.java:90)
at java.base/jdk.internal.reflect.DirectMethodHandleAccessor.invoke(DirectMethodHandleAccessor.java:103)
at java.base/java.lang.reflect.Method.invoke(Method.java:580)
at org.testng.internal.MethodInvocationHelper.invokeMethod(MethodInvocationHelper.java:133)
at org.testng.internal.MethodInvocationHelper.invokeMethodConsideringTimeout(MethodInvocationHelper.java:62)
at org.testng.internal.ConfigInvoker.invokeConfigurationMethod(ConfigInvoker.java:385)
at org.testng.internal.ConfigInvoker.invokeConfigurations(ConfigInvoker.java:321)
at org.testng.internal.TestInvoker.runConfigMethods(TestInvoker.java:700)
at org.testng.internal.TestInvoker.runAfterGroupsConfigurations(TestInvoker.java:676)
at org.testng.internal.TestInvoker.invokeMethod(TestInvoker.java:660)
at org.testng.internal.TestInvoker.invokeTestMethod(TestInvoker.java:173)
at org.testng.internal.MethodRunner.runInSequence(MethodRunner.java:46)
at org.testng.internal.TestInvoker$MethodInvocationAgent.invoke(TestInvoker.java:824)
at org.testng.internal.TestInvoker.invokeTestMethods(TestInvoker.java:146)
at org.testng.internal.TestMethodWorker.invokeTestMethods(TestMethodWorker.java:146)
at org.testng.internal.TestMethodWorker.run(TestMethodWorker.java:128)
at java.base/java.util.ArrayList.forEach(ArrayList.java:1597)
at org.testng.TestRunner.privateRun(TestRunner.java:794)
at org.testng.TestRunner.run(TestRunner.java:596)
at org.testng.SuiteRunner.runTest(SuiteRunner.java:377)
at org.testng.SuiteRunner.access$000(SuiteRunner.java:28)
at org.testng.SuiteRunner$SuiteWorker.run(SuiteRunner.java:418)
at org.testng.internal.thread.ThreadUtil.lambda$execute$0(ThreadUtil.java:64)
at java.base/java.util.concurrent.FutureTask.run(FutureTask.java:317)
at java.base/java.util.concurrent.ThreadPoolExecutor.runWorker(ThreadPoolExecutor.java:1144)
at java.base/java.util.concurrent.ThreadPoolExecutor$Worker.run(ThreadPoolExecutor.java:642)
at java.base/java.lang.Thread.run(Thread.java:1575)
]]>
            </full-stacktrace>
          </exception> <!-- org.openqa.selenium.WebDriverException -->
          <reporter-output>
          </reporter-output>
        </test-method> <!-- logout -->
        <test-method is-config="true" signature="closeBrowser()[pri:0, instance:testing.Contact_WIth_Org@4afcd809]" started-at="2024-10-29T09:31:51 IST" name="closeBrowser" finished-at="1970-01-01T05:30:00 IST" duration-ms="-1730174511296" status="SKIP">
          <reporter-output>
          </reporter-output>
        </test-method> <!-- closeBrowser -->
      </class> <!-- testing.Contact_WIth_Org -->
    </test> <!-- Test1 -->
  </suite> <!-- Suite -->
</testng-results>
